<?xml version="1.0" encoding="UTF-8"?>
<!-- Generated by org.testng.reporters.JUnitReportReporter -->
<testsuite skipped="0" hostname="LAPTOP-H0NIDIB9" name="com.seleniumjava.testcases.TC_LoginTest_001" tests="1" failures="0" timestamp="11 Mar 2020 09:12:14 GMT" time="7.102" errors="0">
  <testcase name="loginTest" time="7.102" classname="com.seleniumjava.testcases.TC_LoginTest_001"/>
</testsuite> <!-- com.seleniumjava.testcases.TC_LoginTest_001 -->
